<?xml version="1.0" encoding="UTF-8"?>
<!-- Generated by org.testng.reporters.JUnitReportReporter -->
<testsuite hostname="LAPTOP-6EECOJNF" failures="0" tests="2" name="runner.Runcuke" time="20.343" errors="0" timestamp="2023-12-05T11:44:19 IST" skipped="0">
  <testcase classname="runner.Runcuke" name="runScenario" time="15.126"/>
  <system-out/>
  <testcase classname="runner.Runcuke" name="runScenario" time="5.217"/>
  <system-out/>
</testsuite> <!-- runner.Runcuke -->
